{
  "RSpec": {
    "coverage": {
      "/Users/raphabarbo/turing/module_4/assessment/final-assessment/hotreads/spec/features/see_content_on_the_page_spec.rb": [
        1,
        null,
        1,
        1,
        1,
        null,
        1,
        1,
        16,
        15,
        14,
        13,
        12,
        11,
        10,
        9,
        4,
        3,
        2,
        2,
        null,
        1,
        null,
        1,
        1,
        1,
        null,
        null,
        null,
        null,
        null,
        null,
        null,
        null
      ],
      "/Users/raphabarbo/turing/module_4/assessment/final-assessment/hotreads/spec/rails_helper.rb": [
        null,
        1,
        1,
        null,
        1,
        1,
        1,
        1,
        1,
        null,
        1,
        1,
        1,
        1,
        null,
        null,
        null,
        null,
        null,
        null,
        null,
        null,
        null,
        null,
        null,
        null,
        null,
        null,
        null,
        null,
        null,
        null,
        null,
        null,
        null,
        1,
        null,
        1,
        null,
        1,
        null,
        null,
        null,
        null,
        1,
        null,
        null,
        null,
        null,
        null,
        null,
        null,
        null,
        null,
        null,
        null,
        null,
        null,
        null,
        1,
        null,
        null,
        1,
        null,
        null,
        null
      ],
      "/Users/raphabarbo/turing/module_4/assessment/final-assessment/hotreads/config/environment.rb": [
        null,
        1,
        null,
        null,
        1
      ],
      "/Users/raphabarbo/turing/module_4/assessment/final-assessment/hotreads/config/application.rb": [
        1,
        null,
        1,
        null,
        1,
        1,
        1,
        1,
        1,
        1,
        1,
        1,
        null,
        null,
        null,
        null,
        1,
        null,
        1,
        1,
        null,
        null,
        null,
        null,
        null
      ],
      "/Users/raphabarbo/turing/module_4/assessment/final-assessment/hotreads/config/boot.rb": [
        1,
        null,
        1
      ],
      "/Users/raphabarbo/turing/module_4/assessment/final-assessment/hotreads/config/environments/test.rb": [
        1,
        null,
        null,
        null,
        null,
        null,
        null,
        1,
        null,
        null,
        null,
        null,
        1,
        null,
        null,
        1,
        1,
        null,
        null,
        null,
        null,
        1,
        1,
        null,
        null,
        1,
        null,
        null,
        1,
        1,
        null,
        null,
        null,
        null,
        1,
        null,
        null,
        1,
        null,
        null,
        null,
        null
      ],
      "/Users/raphabarbo/turing/module_4/assessment/final-assessment/hotreads/config/initializers/application_controller_renderer.rb": [
        null,
        null,
        null,
        null,
        null,
        null
      ],
      "/Users/raphabarbo/turing/module_4/assessment/final-assessment/hotreads/config/initializers/assets.rb": [
        null,
        null,
        null,
        1,
        null,
        null,
        null,
        null,
        null,
        null,
        null
      ],
      "/Users/raphabarbo/turing/module_4/assessment/final-assessment/hotreads/config/initializers/backtrace_silencers.rb": [
        null,
        null,
        null,
        null,
        null,
        null,
        null
      ],
      "/Users/raphabarbo/turing/module_4/assessment/final-assessment/hotreads/config/initializers/cookies_serializer.rb": [
        null,
        null,
        null,
        null,
        1
      ],
      "/Users/raphabarbo/turing/module_4/assessment/final-assessment/hotreads/config/initializers/filter_parameter_logging.rb": [
        null,
        null,
        null,
        1
      ],
      "/Users/raphabarbo/turing/module_4/assessment/final-assessment/hotreads/config/initializers/inflections.rb": [
        null,
        null,
        null,
        null,
        null,
        null,
        null,
        null,
        null,
        null,
        null,
        null,
        null,
        null,
        null,
        null
      ],
      "/Users/raphabarbo/turing/module_4/assessment/final-assessment/hotreads/config/initializers/mime_types.rb": [
        null,
        null,
        null,
        null
      ],
      "/Users/raphabarbo/turing/module_4/assessment/final-assessment/hotreads/config/initializers/new_framework_defaults.rb": [
        null,
        null,
        null,
        null,
        null,
        null,
        null,
        1,
        null,
        null,
        1,
        null,
        null,
        null,
        1,
        null,
        null,
        1,
        null,
        null,
        1,
        null,
        null,
        1
      ],
      "/Users/raphabarbo/turing/module_4/assessment/final-assessment/hotreads/config/initializers/session_store.rb": [
        null,
        null,
        1
      ],
      "/Users/raphabarbo/turing/module_4/assessment/final-assessment/hotreads/config/initializers/wrap_parameters.rb": [
        null,
        null,
        null,
        null,
        null,
        null,
        1,
        2,
        null,
        null,
        null,
        null,
        null,
        null
      ],
      "/Users/raphabarbo/turing/module_4/assessment/final-assessment/hotreads/config/routes.rb": [
        1,
        1,
        null,
        1,
        1,
        1,
        null,
        null,
        null,
        null
      ],
      "/Users/raphabarbo/turing/module_4/assessment/final-assessment/hotreads/app/helpers/application_helper.rb": [
        1,
        null
      ],
      "/Users/raphabarbo/turing/module_4/assessment/final-assessment/hotreads/spec/services/post_api_request_reads_spec.rb": [
        1,
        null,
        1,
        1,
        1,
        null,
        1,
        1,
        null,
        null
      ],
      "/Users/raphabarbo/turing/module_4/assessment/final-assessment/hotreads/app/controllers/api/v1/hotreads_controller.rb": [
        1,
        1,
        null,
        1,
        0,
        0,
        null,
        null,
        1,
        1,
        1,
        null,
        1,
        null,
        null
      ],
      "/Users/raphabarbo/turing/module_4/assessment/final-assessment/hotreads/app/controllers/application_controller.rb": [
        1,
        1,
        1,
        1,
        null,
        1,
        null,
        1,
        2,
        2,
        2,
        2,
        null,
        null,
        1,
        2,
        0,
        0,
        0,
        0,
        0,
        null,
        null,
        null
      ],
      "/Users/raphabarbo/turing/module_4/assessment/final-assessment/hotreads/app/models/read.rb": [
        1,
        null,
        1,
        0,
        0,
        0,
        0,
        null,
        0,
        null,
        null,
        1,
        13,
        null,
        null,
        1,
        1,
        12,
        1,
        null,
        null
      ],
      "/Users/raphabarbo/turing/module_4/assessment/final-assessment/hotreads/app/models/application_record.rb": [
        1,
        1,
        null
      ],
      "/Users/raphabarbo/turing/module_4/assessment/final-assessment/hotreads/app/controllers/homepage_controller.rb": [
        1,
        1,
        1,
        null,
        null
      ],
      "/Users/raphabarbo/turing/module_4/assessment/final-assessment/hotreads/app/models/hot.rb": [
        1,
        null
      ]
    },
    "timestamp": 1484130876
  }
}
